Concierge/Concierge/app/build/intermediates/manifest_merge_blame_file/debug/manifest-merger-blame-debug-report.txt
1<?xml version="1.0" encoding="utf-8"?>
2<manifest xmlns:android="http://schemas.android.com/apk/res/android"
3    package="com.handsriver.concierge"
4    android:versionCode="32"
5    android:versionName="2.7.9" >
6
7    <uses-sdk
8        android:minSdkVersion="19"
8-->src/main/AndroidManifest.xml
9        android:targetSdkVersion="30" />
9-->src/main/AndroidManifest.xml
10
11    <!-- This permission is necessary in order for Sunshine to perform network access. -->
12    <uses-permission android:name="android.permission.INTERNET" />
12-->src/main/AndroidManifest.xml:6:5-67
12-->src/main/AndroidManifest.xml:6:22-64
13
14    <!-- Permissions required by the sync adapter -->
15    <uses-permission android:name="android.permission.READ_SYNC_SETTINGS" />
15-->src/main/AndroidManifest.xml:9:5-77
15-->src/main/AndroidManifest.xml:9:22-74
16    <uses-permission android:name="android.permission.WRITE_SYNC_SETTINGS" />
16-->src/main/AndroidManifest.xml:10:5-78
16-->src/main/AndroidManifest.xml:10:22-75
17    <uses-permission android:name="android.permission.AUTHENTICATE_ACCOUNTS" />
17-->src/main/AndroidManifest.xml:11:5-80
17-->src/main/AndroidManifest.xml:11:22-77
18    <uses-permission android:name="android.permission.READ_SYNC_STATS" />
18-->src/main/AndroidManifest.xml:12:5-73
18-->src/main/AndroidManifest.xml:12:22-71
19    <uses-permission android:name="android.permission.WRITE_EXTERNAL_STORAGE" />
19-->src/main/AndroidManifest.xml:13:5-80
19-->src/main/AndroidManifest.xml:13:22-78
20    <uses-permission android:name="android.permission.READ_EXTERNAL_STORAGE" />
20-->src/main/AndroidManifest.xml:14:5-79
20-->src/main/AndroidManifest.xml:14:22-77
21    <uses-permission android:name="android.permission.MANAGE_EXTERNAL_STORAGE" />
21-->src/main/AndroidManifest.xml:15:5-81
21-->src/main/AndroidManifest.xml:15:22-79
22    <uses-permission android:name="android.permission.CALL_PHONE" />
22-->src/main/AndroidManifest.xml:16:5-69
22-->src/main/AndroidManifest.xml:16:22-66
23
24    <application
24-->src/main/AndroidManifest.xml:19:5-643:19
25        android:allowBackup="true"
25-->src/main/AndroidManifest.xml:22:9-35
26        android:debuggable="true"
27        android:icon="@mipmap/ic_launcher"
27-->src/main/AndroidManifest.xml:23:9-43
28        android:label="@string/app_name"
28-->src/main/AndroidManifest.xml:24:9-41
29        android:largeHeap="true"
29-->src/main/AndroidManifest.xml:21:9-33
30        android:networkSecurityConfig="@xml/network_security_config"
30-->src/main/AndroidManifest.xml:26:9-69
31        android:requestLegacyExternalStorage="true"
31-->src/main/AndroidManifest.xml:20:9-52
32        android:supportsRtl="true"
32-->src/main/AndroidManifest.xml:25:9-35
33        android:theme="@style/AppTheme" >
33-->src/main/AndroidManifest.xml:27:9-40
34        <activity
34-->src/main/AndroidManifest.xml:28:9-36:20
35            android:name="com.handsriver.concierge.login.LoginActivity"
35-->src/main/AndroidManifest.xml:28:19-54
36            android:exported="true" >
36-->src/main/AndroidManifest.xml:29:13-36
37            <intent-filter>
37-->src/main/AndroidManifest.xml:31:13-35:29
38                <action android:name="android.intent.action.MAIN" />
38-->src/main/AndroidManifest.xml:32:17-69
38-->src/main/AndroidManifest.xml:32:25-66
39
40                <category android:name="android.intent.category.LAUNCHER" />
40-->src/main/AndroidManifest.xml:34:17-77
40-->src/main/AndroidManifest.xml:34:27-74
41            </intent-filter>
42        </activity>
43        <activity
43-->src/main/AndroidManifest.xml:37:9-45:20
44            android:name="com.handsriver.concierge.settings.SettingsActivity"
44-->src/main/AndroidManifest.xml:38:13-54
45            android:label="@string/settings"
45-->src/main/AndroidManifest.xml:39:13-45
46            android:parentActivityName="com.handsriver.concierge.login.LoginActivity" >
46-->src/main/AndroidManifest.xml:41:13-86
47            <meta-data
47-->src/main/AndroidManifest.xml:42:13-44:80
48                android:name="android.support.PARENT_ACTIVITY"
48-->src/main/AndroidManifest.xml:43:17-63
49                android:value="com.handsriver.concierge.login.LoginActivity" />
49-->src/main/AndroidManifest.xml:44:17-77
50        </activity>
51        <activity
51-->src/main/AndroidManifest.xml:46:9-52:20
52            android:name="com.handsriver.concierge.home.MainActivity"
52-->src/main/AndroidManifest.xml:46:19-52
53            android:parentActivityName="com.handsriver.concierge.login.LoginActivity"
53-->src/main/AndroidManifest.xml:48:13-86
54            android:windowSoftInputMode="adjustPan" >
54-->src/main/AndroidManifest.xml:47:13-52
55            <meta-data
55-->src/main/AndroidManifest.xml:42:13-44:80
56                android:name="android.support.PARENT_ACTIVITY"
56-->src/main/AndroidManifest.xml:43:17-63
57                android:value="com.handsriver.concierge.login.LoginActivity" />
57-->src/main/AndroidManifest.xml:44:17-77
58        </activity>
59
60        <provider
60-->src/main/AndroidManifest.xml:54:9-57:49
61            android:name="com.handsriver.concierge.database.StubProviderApartments"
61-->src/main/AndroidManifest.xml:56:13-84
62            android:authorities="com.handsriver.concierge.apartments"
62-->src/main/AndroidManifest.xml:55:13-70
63            android:label="@string/apartments" />
63-->src/main/AndroidManifest.xml:57:13-47
64        <provider
64-->src/main/AndroidManifest.xml:59:9-62:53
65            android:name="com.handsriver.concierge.database.StubProviderParcelType"
65-->src/main/AndroidManifest.xml:61:13-84
66            android:authorities="com.handsriver.concierge.parceltype"
66-->src/main/AndroidManifest.xml:60:13-70
67            android:label="@string/parcelTypeList" />
67-->src/main/AndroidManifest.xml:62:13-51
68        <provider
68-->src/main/AndroidManifest.xml:65:9-68:46
69            android:name="com.handsriver.concierge.database.StubProviderPorters"
69-->src/main/AndroidManifest.xml:67:13-81
70            android:authorities="com.handsriver.concierge.porters"
70-->src/main/AndroidManifest.xml:66:13-67
71            android:label="@string/porters" />
71-->src/main/AndroidManifest.xml:68:13-44
72        <provider
72-->src/main/AndroidManifest.xml:70:9-73:53
73            android:name="com.handsriver.concierge.database.StubProviderPortersTablet"
73-->src/main/AndroidManifest.xml:72:13-87
74            android:authorities="com.handsriver.concierge.porters.tablet"
74-->src/main/AndroidManifest.xml:71:13-74
75            android:label="@string/porterPassword" />
75-->src/main/AndroidManifest.xml:73:13-51
76        <provider
76-->src/main/AndroidManifest.xml:75:9-78:48
77            android:name="com.handsriver.concierge.database.StubProviderResidents"
77-->src/main/AndroidManifest.xml:77:13-83
78            android:authorities="com.handsriver.concierge.residents"
78-->src/main/AndroidManifest.xml:76:13-69
79            android:label="@string/residents" />
79-->src/main/AndroidManifest.xml:78:13-46
80        <provider
80-->src/main/AndroidManifest.xml:80:9-83:54
81            android:name="com.handsriver.concierge.database.StubProviderResidentsTablet"
81-->src/main/AndroidManifest.xml:82:13-89
82            android:authorities="com.handsriver.concierge.residents.tablet"
82-->src/main/AndroidManifest.xml:81:13-76
83            android:label="@string/residentsTablet" />
83-->src/main/AndroidManifest.xml:83:13-52
84        <provider
84-->src/main/AndroidManifest.xml:85:9-88:53
85            android:name="com.handsriver.concierge.database.StubProviderResidentsTemps"
85-->src/main/AndroidManifest.xml:87:13-88
86            android:authorities="com.handsriver.concierge.residentstemps"
86-->src/main/AndroidManifest.xml:86:13-74
87            android:label="@string/residentstemps" />
87-->src/main/AndroidManifest.xml:88:13-51
88        <provider
88-->src/main/AndroidManifest.xml:90:9-93:59
89            android:name="com.handsriver.concierge.database.StubProviderResidentsTempsTablet"
89-->src/main/AndroidManifest.xml:92:13-94
90            android:authorities="com.handsriver.concierge.residentstemps.tablet"
90-->src/main/AndroidManifest.xml:91:13-81
91            android:label="@string/residentstempsTablet" />
91-->src/main/AndroidManifest.xml:93:13-57
92        <provider
92-->src/main/AndroidManifest.xml:96:9-99:56
93            android:name="com.handsriver.concierge.database.StubProviderResidentsVehicles"
93-->src/main/AndroidManifest.xml:98:13-91
94            android:authorities="com.handsriver.concierge.residentsvehicles"
94-->src/main/AndroidManifest.xml:97:13-77
95            android:label="@string/residentsvehicles" />
95-->src/main/AndroidManifest.xml:99:13-54
96        <provider
96-->src/main/AndroidManifest.xml:101:9-104:62
97            android:name="com.handsriver.concierge.database.StubProviderResidentsVehiclesTablet"
97-->src/main/AndroidManifest.xml:103:13-97
98            android:authorities="com.handsriver.concierge.residentsvehicles.tablet"
98-->src/main/AndroidManifest.xml:102:13-84
99            android:label="@string/residentsvehiclesTablet" />
99-->src/main/AndroidManifest.xml:104:13-60
100        <provider
100-->src/main/AndroidManifest.xml:107:9-110:48
101            android:name="com.handsriver.concierge.database.StubProviderBlacklist"
101-->src/main/AndroidManifest.xml:109:13-83
102            android:authorities="com.handsriver.concierge.blacklist"
102-->src/main/AndroidManifest.xml:108:13-69
103            android:label="@string/blacklist" />
103-->src/main/AndroidManifest.xml:110:13-46
104        <provider
104-->src/main/AndroidManifest.xml:112:9-115:48
105            android:name="com.handsriver.concierge.database.StubProviderSuppliers"
105-->src/main/AndroidManifest.xml:114:13-83
106            android:authorities="com.handsriver.concierge.suppliers"
106-->src/main/AndroidManifest.xml:113:13-69
107            android:label="@string/suppliers" />
107-->src/main/AndroidManifest.xml:115:13-46
108        <provider
108-->src/main/AndroidManifest.xml:117:9-120:51
109            android:name="com.handsriver.concierge.database.StubProviderCommonspaces"
109-->src/main/AndroidManifest.xml:119:13-86
110            android:authorities="com.handsriver.concierge.commonspaces"
110-->src/main/AndroidManifest.xml:118:13-72
111            android:label="@string/commonspaces" />
111-->src/main/AndroidManifest.xml:120:13-49
112        <provider
112-->src/main/AndroidManifest.xml:122:9-125:53
113            android:name="com.handsriver.concierge.database.StubProviderVisitsVehicles"
113-->src/main/AndroidManifest.xml:124:13-88
114            android:authorities="com.handsriver.concierge.visitsvehicles"
114-->src/main/AndroidManifest.xml:123:13-74
115            android:label="@string/visitsvehicles" />
115-->src/main/AndroidManifest.xml:125:13-51
116        <provider
116-->src/main/AndroidManifest.xml:127:9-130:46
117            android:name="com.handsriver.concierge.database.StubProviderParcels"
117-->src/main/AndroidManifest.xml:129:13-81
118            android:authorities="com.handsriver.concierge.parcels"
118-->src/main/AndroidManifest.xml:128:13-67
119            android:label="@string/parcels" />
119-->src/main/AndroidManifest.xml:130:13-44
120        <provider
120-->src/main/AndroidManifest.xml:133:9-136:66
121            android:name="com.handsriver.concierge.database.StubProviderParcelsExitOthersGateways"
121-->src/main/AndroidManifest.xml:135:13-99
122            android:authorities="com.handsriver.concierge.parcels.exitothersgateways"
122-->src/main/AndroidManifest.xml:134:13-86
123            android:label="@string/parcels_exit_other_gateways" />
123-->src/main/AndroidManifest.xml:136:13-64
124        <provider
124-->src/main/AndroidManifest.xml:138:9-141:62
125            android:name="com.handsriver.concierge.database.StubProviderParcelsOthersGateways"
125-->src/main/AndroidManifest.xml:140:13-95
126            android:authorities="com.handsriver.concierge.parcels.othersgateways"
126-->src/main/AndroidManifest.xml:139:13-82
127            android:label="@string/parcels_others_gateways" />
127-->src/main/AndroidManifest.xml:141:13-60
128        <provider
128-->src/main/AndroidManifest.xml:143:9-146:47
129            android:name="com.handsriver.concierge.database.StubProviderPayments"
129-->src/main/AndroidManifest.xml:145:13-82
130            android:authorities="com.handsriver.concierge.payments"
130-->src/main/AndroidManifest.xml:144:13-68
131            android:label="@string/payments" />
131-->src/main/AndroidManifest.xml:146:13-45
132        <provider
132-->src/main/AndroidManifest.xml:148:9-151:47
133            android:name="com.handsriver.concierge.database.StubProviderParkings"
133-->src/main/AndroidManifest.xml:150:13-82
134            android:authorities="com.handsriver.concierge.parkings"
134-->src/main/AndroidManifest.xml:149:13-68
135            android:label="@string/parkings" />
135-->src/main/AndroidManifest.xml:151:13-45
136        <provider
136-->src/main/AndroidManifest.xml:153:9-156:49
137            android:name="com.handsriver.concierge.database.StubProviderWarehouses"
137-->src/main/AndroidManifest.xml:155:13-84
138            android:authorities="com.handsriver.concierge.warehouses"
138-->src/main/AndroidManifest.xml:154:13-70
139            android:label="@string/warehouses" />
139-->src/main/AndroidManifest.xml:156:13-47
140        <provider
140-->src/main/AndroidManifest.xml:158:9-161:50
141            android:name="com.handsriver.concierge.database.StubProviderTimekeeping"
141-->src/main/AndroidManifest.xml:160:13-85
142            android:authorities="com.handsriver.concierge.timekeeping"
142-->src/main/AndroidManifest.xml:159:13-71
143            android:label="@string/timekeeping" />
143-->src/main/AndroidManifest.xml:161:13-48
144        <provider
144-->src/main/AndroidManifest.xml:163:9-166:55
145            android:name="com.handsriver.concierge.database.StubProviderVisitsSuppliers"
145-->src/main/AndroidManifest.xml:165:13-89
146            android:authorities="com.handsriver.concierge.visitssuppliers"
146-->src/main/AndroidManifest.xml:164:13-75
147            android:label="@string/visits_suppliers" />
147-->src/main/AndroidManifest.xml:166:13-53
148        <provider
148-->src/main/AndroidManifest.xml:168:9-171:58
149            android:name="com.handsriver.concierge.database.StubProviderVisitsCommonspaces"
149-->src/main/AndroidManifest.xml:170:13-92
150            android:authorities="com.handsriver.concierge.visitscommonspaces"
150-->src/main/AndroidManifest.xml:169:13-78
151            android:label="@string/visits_commonspaces" />
151-->src/main/AndroidManifest.xml:171:13-56
152        <provider
152-->src/main/AndroidManifest.xml:174:9-177:60
153            android:name="com.handsriver.concierge.database.StubProviderVisitsOthersGateways"
153-->src/main/AndroidManifest.xml:176:13-94
154            android:authorities="com.handsriver.concierge.visits.othersgateways"
154-->src/main/AndroidManifest.xml:175:13-81
155            android:label="@string/visits_other_gateways" />
155-->src/main/AndroidManifest.xml:177:13-58
156        <provider
156-->src/main/AndroidManifest.xml:179:9-182:65
157            android:name="com.handsriver.concierge.database.StubProviderTimekeepingOthersGateways"
157-->src/main/AndroidManifest.xml:181:13-99
158            android:authorities="com.handsriver.concierge.timekeeping.othersgateways"
158-->src/main/AndroidManifest.xml:180:13-86
159            android:label="@string/timekeeping_other_gateways" />
159-->src/main/AndroidManifest.xml:182:13-63
160        <provider
160-->src/main/AndroidManifest.xml:184:9-187:70
161            android:name="com.handsriver.concierge.database.StubProviderTimekeepingExitOthersGateways"
161-->src/main/AndroidManifest.xml:186:13-103
162            android:authorities="com.handsriver.concierge.timekeeping.exitothersgateways"
162-->src/main/AndroidManifest.xml:185:13-90
163            android:label="@string/timekeeping_exit_other_gateways" />
163-->src/main/AndroidManifest.xml:187:13-68
164        <provider
164-->src/main/AndroidManifest.xml:189:9-192:71
165            android:name="com.handsriver.concierge.database.StubProviderVisitsSuppliersOthersGateways"
165-->src/main/AndroidManifest.xml:191:13-103
166            android:authorities="com.handsriver.concierge.visitssuppliers.othersgateways"
166-->src/main/AndroidManifest.xml:190:13-90
167            android:label="@string/visits_suppliers_others_gateways" />
167-->src/main/AndroidManifest.xml:192:13-69
168        <provider
168-->src/main/AndroidManifest.xml:194:9-197:75
169            android:name="com.handsriver.concierge.database.StubProviderVisitsSuppliersExitOthersGateways"
169-->src/main/AndroidManifest.xml:196:13-107
170            android:authorities="com.handsriver.concierge.visitssuppliers.exitothersgateways"
170-->src/main/AndroidManifest.xml:195:13-94
171            android:label="@string/visits_suppliers_exit_other_gateways" />
171-->src/main/AndroidManifest.xml:197:13-73
172        <provider
172-->src/main/AndroidManifest.xml:199:9-202:74
173            android:name="com.handsriver.concierge.database.StubProviderVisitsCommonspacesOthersGateways"
173-->src/main/AndroidManifest.xml:201:13-106
174            android:authorities="com.handsriver.concierge.visitscommonspaces.othersgateways"
174-->src/main/AndroidManifest.xml:200:13-93
175            android:label="@string/visits_commonspaces_others_gateways" />
175-->src/main/AndroidManifest.xml:202:13-72
176        <provider
176-->src/main/AndroidManifest.xml:204:9-207:78
177            android:name="com.handsriver.concierge.database.StubProviderVisitsCommonspacesExitOthersGateways"
177-->src/main/AndroidManifest.xml:206:13-110
178            android:authorities="com.handsriver.concierge.visitscommonspaces.exitothersgateways"
178-->src/main/AndroidManifest.xml:205:13-97
179            android:label="@string/visits_commonspaces_exit_other_gateways" />
179-->src/main/AndroidManifest.xml:207:13-76
180        <provider
180-->src/main/AndroidManifest.xml:210:9-213:47
181            android:name="com.handsriver.concierge.database.StubProviderCodeAuth"
181-->src/main/AndroidManifest.xml:212:13-82
182            android:authorities="com.handsriver.concierge.residents.codeauth"
182-->src/main/AndroidManifest.xml:211:13-78
183            android:label="@string/codeAuth" />
183-->src/main/AndroidManifest.xml:213:13-45
184        <provider
184-->src/main/AndroidManifest.xml:215:9-218:53
185            android:name="com.handsriver.concierge.database.StubProviderWhitelist"
185-->src/main/AndroidManifest.xml:217:13-83
186            android:authorities="com.handsriver.concierge.whitelist"
186-->src/main/AndroidManifest.xml:216:13-69
187            android:label="@string/whitelistTitle" />
187-->src/main/AndroidManifest.xml:218:13-51
188        <provider
188-->src/main/AndroidManifest.xml:220:9-223:59
189            android:name="com.handsriver.concierge.database.StubProviderVisitsVehiclesDelete"
189-->src/main/AndroidManifest.xml:222:13-94
190            android:authorities="com.handsriver.concierge.visitsvehicles.delete"
190-->src/main/AndroidManifest.xml:221:13-81
191            android:label="@string/deleteVisitsVehicles" />
191-->src/main/AndroidManifest.xml:223:13-57
192        <provider
192-->src/main/AndroidManifest.xml:225:9-228:52
193            android:name="com.handsriver.concierge.database.StubProviderParcelsDelete"
193-->src/main/AndroidManifest.xml:227:13-87
194            android:authorities="com.handsriver.concierge.parcels.delete"
194-->src/main/AndroidManifest.xml:226:13-74
195            android:label="@string/deleteParcels" />
195-->src/main/AndroidManifest.xml:228:13-50
196        <provider
196-->src/main/AndroidManifest.xml:230:9-233:53
197            android:name="com.handsriver.concierge.database.StubProviderPaymentsDelete"
197-->src/main/AndroidManifest.xml:232:13-88
198            android:authorities="com.handsriver.concierge.payments.delete"
198-->src/main/AndroidManifest.xml:231:13-75
199            android:label="@string/deletePayments" />
199-->src/main/AndroidManifest.xml:233:13-51
200        <provider
200-->src/main/AndroidManifest.xml:235:9-238:56
201            android:name="com.handsriver.concierge.database.StubProviderTimekeepingDelete"
201-->src/main/AndroidManifest.xml:237:13-91
202            android:authorities="com.handsriver.concierge.timekeeping.delete"
202-->src/main/AndroidManifest.xml:236:13-78
203            android:label="@string/deleteTimekeeping" />
203-->src/main/AndroidManifest.xml:238:13-54
204        <provider
204-->src/main/AndroidManifest.xml:240:9-243:57
205            android:name="com.handsriver.concierge.database.StubProviderFineAlertAutomatic"
205-->src/main/AndroidManifest.xml:242:13-92
206            android:authorities="com.handsriver.concierge.vehicle.automaticFineAlert"
206-->src/main/AndroidManifest.xml:241:13-86
207            android:label="@string/fineAlertAutomatic" />
207-->src/main/AndroidManifest.xml:243:13-55
208        <provider
208-->src/main/AndroidManifest.xml:245:9-248:53
209            android:name="com.handsriver.concierge.database.StubProviderAlertAutomatic"
209-->src/main/AndroidManifest.xml:247:13-88
210            android:authorities="com.handsriver.concierge.vehicle.automaticAlert"
210-->src/main/AndroidManifest.xml:246:13-82
211            android:label="@string/alertAutomatic" />
211-->src/main/AndroidManifest.xml:248:13-51
212        <provider
212-->src/main/AndroidManifest.xml:250:9-253:63
213            android:name="com.handsriver.concierge.database.StubProviderUpdateGooglePlayServices"
213-->src/main/AndroidManifest.xml:252:13-98
214            android:authorities="com.handsriver.concierge.updateGooglePlayService"
214-->src/main/AndroidManifest.xml:251:13-83
215            android:label="@string/updateGooglePlayServices" />
215-->src/main/AndroidManifest.xml:253:13-61
216
217        <service android:name="com.handsriver.concierge.sync.ConciergeAuthenticatorService" >
217-->src/main/AndroidManifest.xml:255:9-262:19
217-->src/main/AndroidManifest.xml:255:18-68
218            <intent-filter>
218-->src/main/AndroidManifest.xml:256:13-258:29
219                <action android:name="android.accounts.AccountAuthenticator" />
219-->src/main/AndroidManifest.xml:257:17-80
219-->src/main/AndroidManifest.xml:257:25-77
220            </intent-filter>
221
222            <meta-data
222-->src/main/AndroidManifest.xml:259:13-261:57
223                android:name="android.accounts.AccountAuthenticator"
223-->src/main/AndroidManifest.xml:260:17-69
224                android:resource="@xml/authenticator" />
224-->src/main/AndroidManifest.xml:261:17-54
225        </service>
226        <service
226-->src/main/AndroidManifest.xml:264:9-272:19
227            android:name="com.handsriver.concierge.sync.ApartmentsSyncService"
227-->src/main/AndroidManifest.xml:264:18-60
228            android:exported="true" >
228-->src/main/AndroidManifest.xml:265:13-36
229            <intent-filter>
229-->src/main/AndroidManifest.xml:266:13-268:29
230                <action android:name="android.content.SyncAdapter" />
230-->src/main/AndroidManifest.xml:267:17-70
230-->src/main/AndroidManifest.xml:267:25-67
231            </intent-filter>
232
233            <meta-data
233-->src/main/AndroidManifest.xml:269:13-271:67
234                android:name="android.content.SyncAdapter"
234-->src/main/AndroidManifest.xml:270:17-59
235                android:resource="@xml/sync_adapter_apartments" />
235-->src/main/AndroidManifest.xml:271:17-64
236        </service>
237        <service
237-->src/main/AndroidManifest.xml:274:9-282:19
238            android:name="com.handsriver.concierge.sync.ParcelTypeSyncService"
238-->src/main/AndroidManifest.xml:274:18-60
239            android:exported="true" >
239-->src/main/AndroidManifest.xml:275:13-36
240            <intent-filter>
240-->src/main/AndroidManifest.xml:266:13-268:29
241                <action android:name="android.content.SyncAdapter" />
241-->src/main/AndroidManifest.xml:267:17-70
241-->src/main/AndroidManifest.xml:267:25-67
242            </intent-filter>
243
244            <meta-data
244-->src/main/AndroidManifest.xml:269:13-271:67
245                android:name="android.content.SyncAdapter"
245-->src/main/AndroidManifest.xml:270:17-59
246                android:resource="@xml/sync_adapter_parceltype" />
246-->src/main/AndroidManifest.xml:271:17-64
247        </service>
248        <service
248-->src/main/AndroidManifest.xml:285:9-293:19
249            android:name="com.handsriver.concierge.sync.PortersSyncService"
249-->src/main/AndroidManifest.xml:285:18-57
250            android:exported="true" >
250-->src/main/AndroidManifest.xml:286:13-36
251            <intent-filter>
251-->src/main/AndroidManifest.xml:266:13-268:29
252                <action android:name="android.content.SyncAdapter" />
252-->src/main/AndroidManifest.xml:267:17-70
252-->src/main/AndroidManifest.xml:267:25-67
253            </intent-filter>
254
255            <meta-data
255-->src/main/AndroidManifest.xml:269:13-271:67
256                android:name="android.content.SyncAdapter"
256-->src/main/AndroidManifest.xml:270:17-59
257                android:resource="@xml/sync_adapter_porters" />
257-->src/main/AndroidManifest.xml:271:17-64
258        </service>
259        <service
259-->src/main/AndroidManifest.xml:295:9-303:19
260            android:name="com.handsriver.concierge.sync.PortersTabletSyncService"
260-->src/main/AndroidManifest.xml:295:18-63
261            android:exported="true" >
261-->src/main/AndroidManifest.xml:296:13-36
262            <intent-filter>
262-->src/main/AndroidManifest.xml:266:13-268:29
263                <action android:name="android.content.SyncAdapter" />
263-->src/main/AndroidManifest.xml:267:17-70
263-->src/main/AndroidManifest.xml:267:25-67
264            </intent-filter>
265
266            <meta-data
266-->src/main/AndroidManifest.xml:269:13-271:67
267                android:name="android.content.SyncAdapter"
267-->src/main/AndroidManifest.xml:270:17-59
268                android:resource="@xml/sync_adapter_porters_tablet" />
268-->src/main/AndroidManifest.xml:271:17-64
269        </service>
270        <service
270-->src/main/AndroidManifest.xml:305:9-313:19
271            android:name="com.handsriver.concierge.sync.ResidentsSyncService"
271-->src/main/AndroidManifest.xml:305:18-59
272            android:exported="true" >
272-->src/main/AndroidManifest.xml:306:13-36
273            <intent-filter>
273-->src/main/AndroidManifest.xml:266:13-268:29
274                <action android:name="android.content.SyncAdapter" />
274-->src/main/AndroidManifest.xml:267:17-70
274-->src/main/AndroidManifest.xml:267:25-67
275            </intent-filter>
276
277            <meta-data
277-->src/main/AndroidManifest.xml:269:13-271:67
278                android:name="android.content.SyncAdapter"
278-->src/main/AndroidManifest.xml:270:17-59
279                android:resource="@xml/sync_adapter_residents" />
279-->src/main/AndroidManifest.xml:271:17-64
280        </service>
281        <service
281-->src/main/AndroidManifest.xml:315:9-323:19
282            android:name="com.handsriver.concierge.sync.ResidentsTabletSyncService"
282-->src/main/AndroidManifest.xml:315:18-65
283            android:exported="true" >
283-->src/main/AndroidManifest.xml:316:13-36
284            <intent-filter>
284-->src/main/AndroidManifest.xml:266:13-268:29
285                <action android:name="android.content.SyncAdapter" />
285-->src/main/AndroidManifest.xml:267:17-70
285-->src/main/AndroidManifest.xml:267:25-67
286            </intent-filter>
287
288            <meta-data
288-->src/main/AndroidManifest.xml:269:13-271:67
289                android:name="android.content.SyncAdapter"
289-->src/main/AndroidManifest.xml:270:17-59
290                android:resource="@xml/sync_adapter_residents_tablet" />
290-->src/main/AndroidManifest.xml:271:17-64
291        </service>
292        <service
292-->src/main/AndroidManifest.xml:326:9-334:19
293            android:name="com.handsriver.concierge.sync.ResidentsTempsSyncService"
293-->src/main/AndroidManifest.xml:326:18-64
294            android:exported="true" >
294-->src/main/AndroidManifest.xml:327:13-36
295            <intent-filter>
295-->src/main/AndroidManifest.xml:266:13-268:29
296                <action android:name="android.content.SyncAdapter" />
296-->src/main/AndroidManifest.xml:267:17-70
296-->src/main/AndroidManifest.xml:267:25-67
297            </intent-filter>
298
299            <meta-data
299-->src/main/AndroidManifest.xml:269:13-271:67
300                android:name="android.content.SyncAdapter"
300-->src/main/AndroidManifest.xml:270:17-59
301                android:resource="@xml/sync_adapter_residentstemps" />
301-->src/main/AndroidManifest.xml:271:17-64
302        </service>
303        <service
303-->src/main/AndroidManifest.xml:336:9-344:19
304            android:name="com.handsriver.concierge.sync.ResidentsTempsTabletSyncService"
304-->src/main/AndroidManifest.xml:336:18-70
305            android:exported="true" >
305-->src/main/AndroidManifest.xml:337:13-36
306            <intent-filter>
306-->src/main/AndroidManifest.xml:266:13-268:29
307                <action android:name="android.content.SyncAdapter" />
307-->src/main/AndroidManifest.xml:267:17-70
307-->src/main/AndroidManifest.xml:267:25-67
308            </intent-filter>
309
310            <meta-data
310-->src/main/AndroidManifest.xml:269:13-271:67
311                android:name="android.content.SyncAdapter"
311-->src/main/AndroidManifest.xml:270:17-59
312                android:resource="@xml/sync_adapter_residentstemps_tablet" />
312-->src/main/AndroidManifest.xml:271:17-64
313        </service>
314        <service
314-->src/main/AndroidManifest.xml:347:9-355:19